<?xml version="1.0" encoding="UTF-8"?>
<!-- Generated by org.testng.reporters.JUnitReportReporter -->
<testsuite hostname="CPDK342" failures="0" tests="5" name="TestNgClases.TestNG_groupDemo" time="0.038" errors="0" timestamp="2025-08-22T12:51:59 IST" skipped="0">
  <testcase classname="TestNgClases.TestNG_groupDemo" name="Test4" time="0.005"/>
  <testcase classname="TestNgClases.TestNG_groupDemo" name="Test3" time="0.002"/>
  <testcase classname="TestNgClases.TestNG_groupDemo" name="Test1" time="0.021"/>
  <testcase classname="TestNgClases.TestNG_groupDemo" name="Test5" time="0.005"/>
  <testcase classname="TestNgClases.TestNG_groupDemo" name="Test2" time="0.005"/>
</testsuite> <!-- TestNgClases.TestNG_groupDemo -->
