<?xml version="1.0" encoding="UTF-8"?>
<!-- Generated by org.testng.reporters.JUnitReportReporter -->
<testsuite hostname="CPDK342" failures="0" tests="1" name="TestNgClases.MultipleClassesDemo" time="0.006" errors="0" timestamp="2025-08-21T12:43:22 IST" skipped="0">
  <testcase classname="TestNgClases.MultipleClassesDemo" name="f" time="0.006"/>
</testsuite> <!-- TestNgClases.MultipleClassesDemo -->
