<?xml version="1.0" encoding="UTF-8"?>
<!-- Generated by org.testng.reporters.JUnitReportReporter -->
<testsuite hostname="CPDK342" failures="0" tests="1" name="TestNgClases.NewTest" time="0.003" errors="0" timestamp="2025-08-22T12:51:59 IST" skipped="0">
  <testcase classname="TestNgClases.NewTest" name="Testcase1" time="0.003"/>
</testsuite> <!-- TestNgClases.NewTest -->
