<?xml version="1.0" encoding="UTF-8"?>
<!-- Generated by org.testng.reporters.JUnitReportReporter -->
<testsuite hostname="CPDK342" failures="0" tests="2" name="TestNgClases.Dataprovider_Demo" time="42.658" errors="0" timestamp="2025-08-22T10:29:14 IST" skipped="0">
  <testcase classname="TestNgClases.Dataprovider_Demo" name="login_OrangeHRM" time="25.923"/>
  <testcase classname="TestNgClases.Dataprovider_Demo" name="login_OrangeHRM" time="16.735"/>
</testsuite> <!-- TestNgClases.Dataprovider_Demo -->
