<?xml version="1.0" encoding="UTF-8"?>
<!-- Generated by org.testng.reporters.JUnitReportReporter -->
<testsuite hostname="CPDK342" failures="0" tests="1" name="TestNgClases.CrossBrowserTestingDemo" time="35.921" errors="0" timestamp="2025-08-22T11:31:40 IST" skipped="0">
  <testcase classname="TestNgClases.CrossBrowserTestingDemo" name="CrossBrowser" time="35.921"/>
</testsuite> <!-- TestNgClases.CrossBrowserTestingDemo -->
