<?xml version="1.0" encoding="UTF-8"?>
<!-- Generated by org.testng.reporters.JUnitReportReporter -->
<testsuite hostname="CPDK342" failures="0" tests="1" name="TestNgClases.ParameterizationDemo" time="0.796" errors="0" timestamp="2025-08-21T13:19:23 IST" skipped="0">
  <testcase classname="TestNgClases.ParameterizationDemo" name="f" time="0.796"/>
</testsuite> <!-- TestNgClases.ParameterizationDemo -->
