<?xml version="1.0" encoding="UTF-8"?>
<!-- Generated by org.testng.reporters.JUnitReportReporter -->
<testsuite hostname="CPDK342" failures="0" tests="1" name="TestNgClases.parameterize_task" time="1.391" errors="0" timestamp="2025-08-21T14:44:29 IST" skipped="0">
  <testcase classname="TestNgClases.parameterize_task" name="f" time="1.391"/>
</testsuite> <!-- TestNgClases.parameterize_task -->
