<?xml version="1.0" encoding="UTF-8"?>
<!-- Generated by org.testng.reporters.JUnitReportReporter -->
<testsuite hostname="CPDK342" failures="0" tests="1" name="TestNgClases.TestNG_Tutorial" time="2.428" errors="0" timestamp="2025-08-21T12:49:06 IST" skipped="0">
  <testcase classname="TestNgClases.TestNG_Tutorial" name="login" time="2.428"/>
</testsuite> <!-- TestNgClases.TestNG_Tutorial -->
