<?xml version="1.0" encoding="UTF-8"?>
<!-- Generated by org.testng.reporters.JUnitReportReporter -->
<testsuite hostname="CPDK342" failures="0" tests="6" name="TestNgClases.PriorityTestDemo" time="0.023" errors="0" timestamp="2025-08-21T12:49:06 IST" skipped="1">
  <testcase classname="TestNgClases.PriorityTestDemo" name="four" time="0.008"/>
  <testcase classname="TestNgClases.PriorityTestDemo" name="five" time="0.008"/>
  <testcase classname="TestNgClases.PriorityTestDemo" name="first" time="0.003"/>
  <testcase classname="TestNgClases.PriorityTestDemo" name="second" time="0.002"/>
  <testcase classname="TestNgClases.PriorityTestDemo" name="third" time="0.002"/>
  <testcase classname="TestNgClases.PriorityTestDemo" name="six">
    <skipped/>
  </testcase> <!-- six -->
</testsuite> <!-- TestNgClases.PriorityTestDemo -->
